http://librivox.org/the-faerie-queene-book-2-by-edmund-spenser/
http://librivox.org/stories-of-king-arthurs-knights-told-to-the-children-by-mary-macgregor/
http://librivox.org/short-science-fiction-collection-20/
http://librivox.org/the-story-of-alchemy-by-m-m-pattison-muir/
http://librivox.org/short-poetry-collection-080
http://librivox.org/the-faerie-queene-books-7-and-8-by-edmund-spenser/
http://librivox.org/andersens-sproken-en-vertellingen-door-hans-christian-andersen/
http://librivox.org/the-amateur-emigrant-by-robert-louis-stevenson/
http://librivox.org/stories-of-beowulf-told-to-the-children-by-h-e-marshall/
http://librivox.org/faery-lands-of-the-south-seas/
http://librivox.org/old-peters-russian-tales-by-arthur-ransome/
http://librivox.org/childhoods-favorites-and-fairy-stories-by-various/
http://librivox.org/pirates-of-panama-by-alexandre-exquemelin/
http://librivox.org/the-red-badge-of-courage-an-episode-of-the-american-civil-war/
http://librivox.org/brazilian-tales-by-various/
http://librivox.org/the-sea-fairies-by-l-frank-baum/
http://librivox.org/tarzan-and-the-jewels-of-opar-by-edgar-rice-burroughs/
http://librivox.org/australian-legendary-tales-folk-lore-of-the-noongahburrahs-as-told-to-the-piccaninnies-by-k-langloh-parker/
http://librivox.org/two-years-in-the-forbidden-city-by-princess-der-ling/
http://librivox.org/to-the-old-pagan-religion-by-h-p-lovecraft/
http://librivox.org/platos_republic/
http://librivox.org/short-science-fiction-collection-011/
http://librivox.org/the-adventures-of-maya-the-bee-by-waldemar-bonsels/
http://librivox.org/david-and-the-phoenix-by-edward-ormondroyd/
http://librivox.org/mary-louise-in-the-country-by-l-frank-baum/
http://librivox.org/selected-short-stories-by-f-scott-fitzgerald/
http://librivox.org/prime-numbers/
http://librivox.org/short-science-fiction-collection-010/
http://librivox.org/the-second-jungle-book-by-rudyard-kipling/
http://librivox.org/the-raven-multilingual-by-edgar-allan-poe/
http://librivox.org/the-man-in-the-iron-mask-by-alexandre-dumas/
http://librivox.org/short-science-fiction-collection-017/
http://librivox.org/great-pirate-stories-by-joseph-lewis-french/
http://librivox.org/little-dorrit-by-charles-dickens/
http://librivox.org/tom-swift-and-his-electric-runabout-by-victor-appleton/
http://librivox.org/the-book-of-dragons-by-e-nesbit/
http://librivox.org/the-montessori-method-by-maria-montessori/
http://librivox.org/the-magic-of-oz-by-l-frank-baum/
http://librivox.org/triplanetary-by-ee-doc-smith/
http://librivox.org/the-scarlet-plague-by-jack-london/
http://librivox.org/short-science-fiction-collection-21/
http://librivox.org/the-world-set-free-by-h-g-wells/
http://librivox.org/hans-christian-andersen-fairy-tale-collection-by-hans-christian-andersen/
http://librivox.org/the-faerie-queene-book-4-by-edmund-spenser/
http://librivox.org/short-science-fiction-collection-vol-001-by-various/
http://librivox.org/short-science-fiction-collection-vol-002/
http://librivox.org/short-science-fiction-collection-vol-003/
http://librivox.org/short-science-fiction-collection-vol-004/
http://librivox.org/short-science-fiction-collection-vol-005/
http://librivox.org/short-science-fiction-collection-vol-006/
http://librivox.org/short-science-fiction-collection-vol-007/
http://librivox.org/short-science-fiction-collection-vol-008/
http://librivox.org/short-science-fiction-collection-vol-009/
http://librivox.org/short-science-fiction-collection-vol-012/
http://librivox.org/short-science-fiction-collection-vol-013/
http://librivox.org/short-science-fiction-collection-014/
http://librivox.org/short-science-fiction-collection-015/
http://librivox.org/short-science-fiction-collection-vol-016/
http://librivox.org/short-science-fiction-collection-018/
http://librivox.org/short-science-fiction-collection-19/
http://librivox.org/the-faerie-queene-book-1-by-edmund-spenser/
http://librivox.org/the-faerie-queene-book-3-by-edmund-spenser/
http://librivox.org/little-wizard-stories-of-oz-by-l-frank-baum/
http://librivox.org/mary-louise-by-l-frank-baum/
http://librivox.org/mary-louise-and-the-liberty-girls-by-l-frank-baum/
http://librivox.org/mary-louise-solves-a-mystery-by-l-frank-baum/
http://librivox.org/mother-goose-in-prose-by-l-frank-baum/
http://librivox.org/sky-island-by-l-frank-baum/
http://librivox.org/the-tin-woodman-of-oz-by-l-frank-baum/
http://librivox.org/universal-declaration-of-human-rights-by-united-nations-volume-02/
http://librivox.org/the-universal-declaration-of-human-rights-by-the-united-nations/
http://librivox.org/short-science-fiction-collection-22/
http://librivox.org/short-science-fiction-collection-24/
http://librivox.org/the-fables-of-phaedrus-by-phaedrus/
http://librivox.org/short-science-fiction-collection-23/
http://librivox.org/glinda-of-oz-by-l-frank-baum/
http://librivox.org/the-wheels-of-chance-by-h-g-wells/
http://librivox.org/the-swiss-family-robinson-by-johann-r-wyss/
http://librivox.org/through-the-looking-glass-by-lewis-carroll-2/
http://librivox.org/the-door-through-space-by-marion-zimmer-bradley/
http://librivox.org/apology-of-socrates-by-plato/
http://librivox.org/stories-of-king-arthur-and-his-knights-by-u-waldo-cutler/
http://librivox.org/the-book-of-a-thousand-nights-and-a-night-volume-02/
http://librivox.org/rinkitink-in-oz-by-l-frank-baum-0908/
http://librivox.org/the-red-fairy-book-by-andrew-lang/
http://librivox.org/the-military-journals-of-two-private-soldiers-1758-1775-by-abraham-tomlinson/
http://librivox.org/short-science-fiction-collection-025/
http://librivox.org/the-symposium-by-plato/
http://librivox.org/beasts-and-super-beasts-by-saki/
http://librivox.org/short-science-fiction-collection-026/
http://librivox.org/my-fathers-dragon-by-ruth-stiles-garnett/
http://librivox.org/alice-in-blunderland-an-iridescent-dream-version-2-by-john-kendrick-bangs/
http://librivox.org/short-science-fiction-collection-027/
http://librivox.org/short-science-fiction-collection-028/
http://librivox.org/manners-customs-and-dress-during-the-middle-ages-and-during-the-renaissance-period-by-paul-lacroix/
http://librivox.org/sammlung-kurzer-deutscher-prosa-016-by-various/
http://librivox.org/four-weeks-in-the-trenches-by-fritz-kreisler/
http://librivox.org/greylorn-by-keith-laumer-2/
http://librivox.org/deutschland-ein-wintermaerchen-by-heinrich-heine/
